<?xml version="1.0" encoding="UTF-8"?>
<coverage generated="1776641949154" clover="3.2.0">
  <project timestamp="1776641949154" name="All files">
    <metrics statements="134" coveredstatements="117" conditionals="147" coveredconditionals="113" methods="58" coveredmethods="43" elements="339" coveredelements="273" complexity="0" loc="134" ncloc="134" packages="1" files="3" classes="3"/>
    <file name="App.js" path="/vercel/share/v0-project/frontend/src/App.js">
      <metrics statements="122" coveredstatements="107" conditionals="144" coveredconditionals="110" methods="56" coveredmethods="41"/>
      <line num="5" count="1" type="cond" truecount="2" falsecount="0"/>
      <line num="6" count="1" type="cond" truecount="2" falsecount="0"/>
      <line num="9" count="1" type="stmt"/>
      <line num="11" count="45" type="stmt"/>
      <line num="16" count="0" type="stmt"/>
      <line num="21" count="45" type="stmt"/>
      <line num="27" count="0" type="stmt"/>
      <line num="32" count="43" type="stmt"/>
      <line num="37" count="45" type="stmt"/>
      <line num="43" count="45" type="stmt"/>
      <line num="48" count="0" type="stmt"/>
      <line num="56" count="45" type="stmt"/>
      <line num="63" count="45" type="stmt"/>
      <line num="70" count="45" type="stmt"/>
      <line num="75" count="45" type="stmt"/>
      <line num="80" count="270" type="stmt"/>
      <line num="85" count="0" type="stmt"/>
      <line num="91" count="0" type="stmt"/>
      <line num="96" count="0" type="stmt"/>
      <line num="102" count="43" type="stmt"/>
      <line num="108" count="45" type="stmt"/>
      <line num="113" count="90" type="stmt"/>
      <line num="122" count="1" type="cond" truecount="0" falsecount="1"/>
      <line num="123" count="135" type="stmt"/>
      <line num="134" count="135" type="stmt"/>
      <line num="151" count="1" type="cond" truecount="1" falsecount="1"/>
      <line num="152" count="45" type="cond" truecount="3" falsecount="1"/>
      <line num="154" count="540" type="stmt"/>
      <line num="155" count="540" type="stmt"/>
      <line num="156" count="45" type="cond" truecount="1" falsecount="1"/>
      <line num="158" count="45" type="stmt"/>
      <line num="159" count="540" type="stmt"/>
      <line num="160" count="540" type="stmt"/>
      <line num="161" count="540" type="stmt"/>
      <line num="164" count="45" type="stmt"/>
      <line num="166" count="45" type="stmt"/>
      <line num="190" count="1" type="stmt"/>
      <line num="191" count="180" type="stmt"/>
      <line num="202" count="0" type="stmt"/>
      <line num="203" count="0" type="stmt"/>
      <line num="206" count="0" type="stmt"/>
      <line num="207" count="0" type="stmt"/>
      <line num="241" count="1" type="stmt"/>
      <line num="242" count="90" type="stmt"/>
      <line num="252" count="0" type="stmt"/>
      <line num="255" count="0" type="stmt"/>
      <line num="297" count="1" type="cond" truecount="0" falsecount="1"/>
      <line num="298" count="270" type="stmt"/>
      <line num="332" count="1" type="stmt"/>
      <line num="333" count="225" type="stmt"/>
      <line num="361" count="1" type="stmt"/>
      <line num="362" count="8" type="stmt"/>
      <line num="369" count="8" type="stmt"/>
      <line num="388" count="46" type="stmt"/>
      <line num="389" count="45" type="stmt"/>
      <line num="390" count="45" type="stmt"/>
      <line num="391" count="45" type="stmt"/>
      <line num="392" count="45" type="stmt"/>
      <line num="393" count="45" type="stmt"/>
      <line num="394" count="45" type="stmt"/>
      <line num="398" count="45" type="stmt"/>
      <line num="404" count="45" type="stmt"/>
      <line num="405" count="45" type="stmt"/>
      <line num="408" count="45" type="stmt"/>
      <line num="409" count="252" type="stmt"/>
      <line num="415" count="45" type="stmt"/>
      <line num="416" count="21" type="stmt"/>
      <line num="417" count="42" type="stmt"/>
      <line num="418" count="42" type="stmt"/>
      <line num="419" count="42" type="stmt"/>
      <line num="420" count="42" type="stmt"/>
      <line num="421" count="42" type="stmt"/>
      <line num="426" count="0" type="stmt"/>
      <line num="430" count="21" type="stmt"/>
      <line num="435" count="21" type="stmt"/>
      <line num="438" count="45" type="stmt"/>
      <line num="439" count="21" type="stmt"/>
      <line num="440" count="21" type="stmt"/>
      <line num="441" count="21" type="stmt"/>
      <line num="445" count="45" type="stmt"/>
      <line num="446" count="21" type="stmt"/>
      <line num="449" count="45" type="cond" truecount="0" falsecount="1"/>
      <line num="450" count="10" type="stmt"/>
      <line num="451" count="10" type="stmt"/>
      <line num="454" count="45" type="stmt"/>
      <line num="455" count="2" type="stmt"/>
      <line num="456" count="2" type="stmt"/>
      <line num="457" count="2" type="stmt"/>
      <line num="459" count="2" type="stmt"/>
      <line num="460" count="2" type="stmt"/>
      <line num="461" count="2" type="stmt"/>
      <line num="463" count="2" type="stmt"/>
      <line num="464" count="2" type="stmt"/>
      <line num="473" count="1" type="stmt"/>
      <line num="475" count="1" type="cond" truecount="1" falsecount="1"/>
      <line num="477" count="1" type="stmt"/>
      <line num="479" count="1" type="stmt"/>
      <line num="489" count="1" type="stmt"/>
      <line num="492" count="1" type="stmt"/>
      <line num="500" count="1" type="stmt"/>
      <line num="505" count="1" type="stmt"/>
      <line num="510" count="1" type="stmt"/>
      <line num="511" count="1" type="cond" truecount="1" falsecount="1"/>
      <line num="512" count="1" type="stmt"/>
      <line num="513" count="1" type="cond" truecount="2" falsecount="2"/>
      <line num="515" count="1" type="stmt"/>
      <line num="517" count="1" type="stmt"/>
      <line num="519" count="1" type="stmt"/>
      <line num="525" count="1" type="stmt"/>
      <line num="530" count="1" type="stmt"/>
      <line num="531" count="1" type="stmt"/>
      <line num="532" count="1" type="stmt"/>
      <line num="535" count="2" type="stmt"/>
      <line num="538" count="45" type="stmt"/>
      <line num="544" count="45" type="stmt"/>
      <line num="568" count="135" type="stmt"/>
      <line num="570" count="0" type="stmt"/>
      <line num="614" count="0" type="cond" truecount="0" falsecount="2"/>
      <line num="835" count="225" type="stmt"/>
      <line num="949" count="8" type="stmt"/>
      <line num="974" count="1" type="stmt"/>
      <line num="1029" count="270" type="stmt"/>
    </file>
    <file name="api.js" path="/vercel/share/v0-project/frontend/src/api.js">
      <metrics statements="10" coveredstatements="10" conditionals="3" coveredconditionals="3" methods="2" coveredmethods="2"/>
      <line num="8" count="2" type="stmt"/>
      <line num="9" count="10" type="stmt"/>
      <line num="10" count="10" type="stmt"/>
      <line num="11" count="3" type="stmt"/>
      <line num="13" count="7" type="stmt"/>
      <line num="23" count="2" type="cond" truecount="1" falsecount="0"/>
      <line num="24" count="4" type="stmt"/>
      <line num="25" count="8" type="stmt"/>
      <line num="26" count="8" type="stmt"/>
      <line num="28" count="6" type="cond" truecount="2" falsecount="0"/>
    </file>
    <file name="index.js" path="/vercel/share/v0-project/frontend/src/index.js">
      <metrics statements="2" coveredstatements="0" conditionals="0" coveredconditionals="0" methods="0" coveredmethods="0"/>
      <line num="6" count="0" type="stmt"/>
      <line num="7" count="0" type="stmt"/>
    </file>
  </project>
</coverage>
