{"/vercel/share/v0-project/frontend/src/App.js": {"path":"/vercel/share/v0-project/frontend/src/App.js","statementMap":{"0":{"start":{"line":5,"column":21},"end":{"line":5,"column":77}},"1":{"start":{"line":6,"column":28},"end":{"line":6,"column":88}},"2":{"start":{"line":9,"column":14},"end":{"line":119,"column":1}},"3":{"start":{"line":11,"column":4},"end":{"line":13,"column":10}},"4":{"start":{"line":16,"column":4},"end":{"line":18,"column":10}},"5":{"start":{"line":21,"column":4},"end":{"line":24,"column":10}},"6":{"start":{"line":27,"column":4},"end":{"line":29,"column":10}},"7":{"start":{"line":32,"column":4},"end":{"line":34,"column":10}},"8":{"start":{"line":37,"column":4},"end":{"line":40,"column":10}},"9":{"start":{"line":43,"column":4},"end":{"line":45,"column":10}},"10":{"start":{"line":48,"column":4},"end":{"line":53,"column":10}},"11":{"start":{"line":56,"column":4},"end":{"line":60,"column":10}},"12":{"start":{"line":63,"column":4},"end":{"line":67,"column":10}},"13":{"start":{"line":70,"column":4},"end":{"line":72,"column":10}},"14":{"start":{"line":75,"column":4},"end":{"line":77,"column":10}},"15":{"start":{"line":80,"column":4},"end":{"line":82,"column":10}},"16":{"start":{"line":85,"column":4},"end":{"line":88,"column":10}},"17":{"start":{"line":91,"column":4},"end":{"line":93,"column":10}},"18":{"start":{"line":96,"column":4},"end":{"line":99,"column":10}},"19":{"start":{"line":102,"column":4},"end":{"line":105,"column":10}},"20":{"start":{"line":108,"column":4},"end":{"line":110,"column":10}},"21":{"start":{"line":113,"column":4},"end":{"line":117,"column":10}},"22":{"start":{"line":122,"column":18},"end":{"line":148,"column":1}},"23":{"start":{"line":123,"column":17},"end":{"line":132,"column":3}},"24":{"start":{"line":134,"column":2},"end":{"line":147,"column":4}},"25":{"start":{"line":151,"column":18},"end":{"line":187,"column":1}},"26":{"start":{"line":152,"column":2},"end":{"line":152,"column":46}},"27":{"start":{"line":152,"column":34},"end":{"line":152,"column":46}},"28":{"start":{"line":154,"column":14},"end":{"line":154,"column":49}},"29":{"start":{"line":154,"column":40},"end":{"line":154,"column":47}},"30":{"start":{"line":155,"column":14},"end":{"line":155,"column":49}},"31":{"start":{"line":155,"column":40},"end":{"line":155,"column":47}},"32":{"start":{"line":156,"column":16},"end":{"line":156,"column":30}},"33":{"start":{"line":158,"column":17},"end":{"line":162,"column":14}},"34":{"start":{"line":159,"column":14},"end":{"line":159,"column":43}},"35":{"start":{"line":160,"column":14},"end":{"line":160,"column":51}},"36":{"start":{"line":161,"column":4},"end":{"line":161,"column":23}},"37":{"start":{"line":164,"column":21},"end":{"line":164,"column":46}},"38":{"start":{"line":166,"column":2},"end":{"line":186,"column":4}},"39":{"start":{"line":190,"column":19},"end":{"line":238,"column":1}},"40":{"start":{"line":191,"column":2},"end":{"line":237,"column":8}},"41":{"start":{"line":202,"column":6},"end":{"line":202,"column":64}},"42":{"start":{"line":203,"column":6},"end":{"line":203,"column":59}},"43":{"start":{"line":206,"column":6},"end":{"line":206,"column":58}},"44":{"start":{"line":207,"column":6},"end":{"line":207,"column":56}},"45":{"start":{"line":241,"column":20},"end":{"line":294,"column":1}},"46":{"start":{"line":242,"column":2},"end":{"line":293,"column":8}},"47":{"start":{"line":252,"column":6},"end":{"line":252,"column":64}},"48":{"start":{"line":255,"column":6},"end":{"line":255,"column":58}},"49":{"start":{"line":297,"column":17},"end":{"line":329,"column":1}},"50":{"start":{"line":298,"column":2},"end":{"line":328,"column":8}},"51":{"start":{"line":332,"column":23},"end":{"line":358,"column":1}},"52":{"start":{"line":333,"column":2},"end":{"line":357,"column":8}},"53":{"start":{"line":361,"column":17},"end":{"line":385,"column":1}},"54":{"start":{"line":362,"column":17},"end":{"line":367,"column":3}},"55":{"start":{"line":369,"column":2},"end":{"line":384,"column":4}},"56":{"start":{"line":388,"column":28},"end":{"line":388,"column":44}},"57":{"start":{"line":389,"column":32},"end":{"line":389,"column":47}},"58":{"start":{"line":390,"column":36},"end":{"line":390,"column":56}},"59":{"start":{"line":391,"column":36},"end":{"line":391,"column":50}},"60":{"start":{"line":392,"column":26},"end":{"line":392,"column":38}},"61":{"start":{"line":393,"column":30},"end":{"line":393,"column":46}},"62":{"start":{"line":394,"column":34},"end":{"line":397,"column":4}},"63":{"start":{"line":398,"column":32},"end":{"line":403,"column":4}},"64":{"start":{"line":404,"column":46},"end":{"line":404,"column":58}},"65":{"start":{"line":405,"column":46},"end":{"line":405,"column":58}},"66":{"start":{"line":408,"column":20},"end":{"line":412,"column":22}},"67":{"start":{"line":409,"column":4},"end":{"line":411,"column":8}},"68":{"start":{"line":409,"column":49},"end":{"line":411,"column":5}},"69":{"start":{"line":415,"column":22},"end":{"line":436,"column":8}},"70":{"start":{"line":416,"column":25},"end":{"line":428,"column":5}},"71":{"start":{"line":417,"column":20},"end":{"line":417,"column":37}},"72":{"start":{"line":418,"column":6},"end":{"line":427,"column":7}},"73":{"start":{"line":419,"column":20},"end":{"line":419,"column":66}},"74":{"start":{"line":420,"column":24},"end":{"line":420,"column":61}},"75":{"start":{"line":421,"column":8},"end":{"line":424,"column":10}},"76":{"start":{"line":426,"column":8},"end":{"line":426,"column":52}},"77":{"start":{"line":430,"column":41},"end":{"line":433,"column":6}},"78":{"start":{"line":435,"column":4},"end":{"line":435,"column":64}},"79":{"start":{"line":438,"column":2},"end":{"line":442,"column":20}},"80":{"start":{"line":439,"column":4},"end":{"line":439,"column":18}},"81":{"start":{"line":440,"column":21},"end":{"line":440,"column":52}},"82":{"start":{"line":441,"column":4},"end":{"line":441,"column":41}},"83":{"start":{"line":441,"column":17},"end":{"line":441,"column":40}},"84":{"start":{"line":445,"column":2},"end":{"line":447,"column":14}},"85":{"start":{"line":446,"column":4},"end":{"line":446,"column":63}},"86":{"start":{"line":449,"column":17},"end":{"line":452,"column":3}},"87":{"start":{"line":450,"column":22},"end":{"line":450,"column":74}},"88":{"start":{"line":451,"column":4},"end":{"line":451,"column":93}},"89":{"start":{"line":451,"column":22},"end":{"line":451,"column":91}},"90":{"start":{"line":454,"column":24},"end":{"line":536,"column":3}},"91":{"start":{"line":455,"column":4},"end":{"line":455,"column":21}},"92":{"start":{"line":456,"column":4},"end":{"line":456,"column":25}},"93":{"start":{"line":457,"column":4},"end":{"line":457,"column":23}},"94":{"start":{"line":459,"column":22},"end":{"line":459,"column":39}},"95":{"start":{"line":460,"column":4},"end":{"line":460,"column":60}},"96":{"start":{"line":461,"column":4},"end":{"line":461,"column":51}},"97":{"start":{"line":463,"column":4},"end":{"line":533,"column":5}},"98":{"start":{"line":464,"column":18},"end":{"line":471,"column":8}},"99":{"start":{"line":473,"column":22},"end":{"line":473,"column":63}},"100":{"start":{"line":475,"column":6},"end":{"line":475,"column":57}},"101":{"start":{"line":475,"column":19},"end":{"line":475,"column":57}},"102":{"start":{"line":477,"column":21},"end":{"line":477,"column":37}},"103":{"start":{"line":479,"column":26},"end":{"line":487,"column":7}},"104":{"start":{"line":489,"column":6},"end":{"line":489,"column":32}},"105":{"start":{"line":492,"column":6},"end":{"line":497,"column":10}},"106":{"start":{"line":492,"column":28},"end":{"line":497,"column":7}},"107":{"start":{"line":500,"column":6},"end":{"line":503,"column":22}},"108":{"start":{"line":500,"column":34},"end":{"line":503,"column":20}},"109":{"start":{"line":505,"column":6},"end":{"line":508,"column":22}},"110":{"start":{"line":505,"column":34},"end":{"line":508,"column":20}},"111":{"start":{"line":510,"column":6},"end":{"line":510,"column":74}},"112":{"start":{"line":511,"column":6},"end":{"line":511,"column":77}},"113":{"start":{"line":512,"column":6},"end":{"line":512,"column":77}},"114":{"start":{"line":513,"column":6},"end":{"line":513,"column":95}},"115":{"start":{"line":515,"column":6},"end":{"line":515,"column":27}},"116":{"start":{"line":517,"column":22},"end":{"line":517,"column":63}},"117":{"start":{"line":519,"column":6},"end":{"line":523,"column":10}},"118":{"start":{"line":519,"column":28},"end":{"line":523,"column":7}},"119":{"start":{"line":525,"column":6},"end":{"line":528,"column":22}},"120":{"start":{"line":525,"column":34},"end":{"line":528,"column":20}},"121":{"start":{"line":530,"column":6},"end":{"line":530,"column":47}},"122":{"start":{"line":531,"column":6},"end":{"line":531,"column":78}},"123":{"start":{"line":532,"column":6},"end":{"line":532,"column":25}},"124":{"start":{"line":535,"column":4},"end":{"line":535,"column":22}},"125":{"start":{"line":538,"column":15},"end":{"line":542,"column":3}},"126":{"start":{"line":544,"column":2},"end":{"line":1102,"column":4}},"127":{"start":{"line":568,"column":18},"end":{"line":584,"column":27}},"128":{"start":{"line":570,"column":35},"end":{"line":570,"column":55}},"129":{"start":{"line":614,"column":31},"end":{"line":614,"column":76}},"130":{"start":{"line":835,"column":14},"end":{"line":847,"column":21}},"131":{"start":{"line":949,"column":18},"end":{"line":949,"column":52}},"132":{"start":{"line":974,"column":16},"end":{"line":999,"column":22}},"133":{"start":{"line":1029,"column":14},"end":{"line":1052,"column":20}}},"fnMap":{"0":{"name":"(anonymous_0)","decl":{"start":{"line":10,"column":8},"end":{"line":10,"column":9}},"loc":{"start":{"line":11,"column":4},"end":{"line":13,"column":10}},"line":11},"1":{"name":"(anonymous_1)","decl":{"start":{"line":15,"column":8},"end":{"line":15,"column":9}},"loc":{"start":{"line":16,"column":4},"end":{"line":18,"column":10}},"line":16},"2":{"name":"(anonymous_2)","decl":{"start":{"line":20,"column":7},"end":{"line":20,"column":8}},"loc":{"start":{"line":21,"column":4},"end":{"line":24,"column":10}},"line":21},"3":{"name":"(anonymous_3)","decl":{"start":{"line":26,"column":8},"end":{"line":26,"column":9}},"loc":{"start":{"line":27,"column":4},"end":{"line":29,"column":10}},"line":27},"4":{"name":"(anonymous_4)","decl":{"start":{"line":31,"column":8},"end":{"line":31,"column":9}},"loc":{"start":{"line":32,"column":4},"end":{"line":34,"column":10}},"line":32},"5":{"name":"(anonymous_5)","decl":{"start":{"line":36,"column":11},"end":{"line":36,"column":12}},"loc":{"start":{"line":37,"column":4},"end":{"line":40,"column":10}},"line":37},"6":{"name":"(anonymous_6)","decl":{"start":{"line":42,"column":12},"end":{"line":42,"column":13}},"loc":{"start":{"line":43,"column":4},"end":{"line":45,"column":10}},"line":43},"7":{"name":"(anonymous_7)","decl":{"start":{"line":47,"column":10},"end":{"line":47,"column":11}},"loc":{"start":{"line":48,"column":4},"end":{"line":53,"column":10}},"line":48},"8":{"name":"(anonymous_8)","decl":{"start":{"line":55,"column":12},"end":{"line":55,"column":13}},"loc":{"start":{"line":56,"column":4},"end":{"line":60,"column":10}},"line":56},"9":{"name":"(anonymous_9)","decl":{"start":{"line":62,"column":7},"end":{"line":62,"column":8}},"loc":{"start":{"line":63,"column":4},"end":{"line":67,"column":10}},"line":63},"10":{"name":"(anonymous_10)","decl":{"start":{"line":69,"column":9},"end":{"line":69,"column":10}},"loc":{"start":{"line":70,"column":4},"end":{"line":72,"column":10}},"line":70},"11":{"name":"(anonymous_11)","decl":{"start":{"line":74,"column":7},"end":{"line":74,"column":8}},"loc":{"start":{"line":75,"column":4},"end":{"line":77,"column":10}},"line":75},"12":{"name":"(anonymous_12)","decl":{"start":{"line":79,"column":9},"end":{"line":79,"column":10}},"loc":{"start":{"line":80,"column":4},"end":{"line":82,"column":10}},"line":80},"13":{"name":"(anonymous_13)","decl":{"start":{"line":84,"column":5},"end":{"line":84,"column":6}},"loc":{"start":{"line":85,"column":4},"end":{"line":88,"column":10}},"line":85},"14":{"name":"(anonymous_14)","decl":{"start":{"line":90,"column":16},"end":{"line":90,"column":17}},"loc":{"start":{"line":91,"column":4},"end":{"line":93,"column":10}},"line":91},"15":{"name":"(anonymous_15)","decl":{"start":{"line":95,"column":14},"end":{"line":95,"column":15}},"loc":{"start":{"line":96,"column":4},"end":{"line":99,"column":10}},"line":96},"16":{"name":"(anonymous_16)","decl":{"start":{"line":101,"column":12},"end":{"line":101,"column":13}},"loc":{"start":{"line":102,"column":4},"end":{"line":105,"column":10}},"line":102},"17":{"name":"(anonymous_17)","decl":{"start":{"line":107,"column":10},"end":{"line":107,"column":11}},"loc":{"start":{"line":108,"column":4},"end":{"line":110,"column":10}},"line":108},"18":{"name":"(anonymous_18)","decl":{"start":{"line":112,"column":12},"end":{"line":112,"column":13}},"loc":{"start":{"line":113,"column":4},"end":{"line":117,"column":10}},"line":113},"19":{"name":"(anonymous_19)","decl":{"start":{"line":122,"column":18},"end":{"line":122,"column":19}},"loc":{"start":{"line":122,"column":44},"end":{"line":148,"column":1}},"line":122},"20":{"name":"(anonymous_20)","decl":{"start":{"line":151,"column":18},"end":{"line":151,"column":19}},"loc":{"start":{"line":151,"column":70},"end":{"line":187,"column":1}},"line":151},"21":{"name":"(anonymous_21)","decl":{"start":{"line":154,"column":35},"end":{"line":154,"column":36}},"loc":{"start":{"line":154,"column":40},"end":{"line":154,"column":47}},"line":154},"22":{"name":"(anonymous_22)","decl":{"start":{"line":155,"column":35},"end":{"line":155,"column":36}},"loc":{"start":{"line":155,"column":40},"end":{"line":155,"column":47}},"line":155},"23":{"name":"(anonymous_23)","decl":{"start":{"line":158,"column":26},"end":{"line":158,"column":27}},"loc":{"start":{"line":158,"column":36},"end":{"line":162,"column":3}},"line":158},"24":{"name":"(anonymous_24)","decl":{"start":{"line":190,"column":19},"end":{"line":190,"column":20}},"loc":{"start":{"line":191,"column":2},"end":{"line":237,"column":8}},"line":191},"25":{"name":"(anonymous_25)","decl":{"start":{"line":201,"column":18},"end":{"line":201,"column":19}},"loc":{"start":{"line":201,"column":25},"end":{"line":204,"column":5}},"line":201},"26":{"name":"(anonymous_26)","decl":{"start":{"line":205,"column":18},"end":{"line":205,"column":19}},"loc":{"start":{"line":205,"column":25},"end":{"line":208,"column":5}},"line":205},"27":{"name":"(anonymous_27)","decl":{"start":{"line":241,"column":20},"end":{"line":241,"column":21}},"loc":{"start":{"line":242,"column":2},"end":{"line":293,"column":8}},"line":242},"28":{"name":"(anonymous_28)","decl":{"start":{"line":251,"column":18},"end":{"line":251,"column":19}},"loc":{"start":{"line":251,"column":25},"end":{"line":253,"column":5}},"line":251},"29":{"name":"(anonymous_29)","decl":{"start":{"line":254,"column":18},"end":{"line":254,"column":19}},"loc":{"start":{"line":254,"column":25},"end":{"line":256,"column":5}},"line":254},"30":{"name":"(anonymous_30)","decl":{"start":{"line":297,"column":17},"end":{"line":297,"column":18}},"loc":{"start":{"line":298,"column":2},"end":{"line":328,"column":8}},"line":298},"31":{"name":"(anonymous_31)","decl":{"start":{"line":332,"column":23},"end":{"line":332,"column":24}},"loc":{"start":{"line":333,"column":2},"end":{"line":357,"column":8}},"line":333},"32":{"name":"(anonymous_32)","decl":{"start":{"line":361,"column":17},"end":{"line":361,"column":18}},"loc":{"start":{"line":361,"column":51},"end":{"line":385,"column":1}},"line":361},"33":{"name":"App","decl":{"start":{"line":387,"column":9},"end":{"line":387,"column":12}},"loc":{"start":{"line":387,"column":15},"end":{"line":1103,"column":1}},"line":387},"34":{"name":"(anonymous_34)","decl":{"start":{"line":408,"column":28},"end":{"line":408,"column":29}},"loc":{"start":{"line":408,"column":34},"end":{"line":412,"column":3}},"line":408},"35":{"name":"(anonymous_35)","decl":{"start":{"line":409,"column":38},"end":{"line":409,"column":39}},"loc":{"start":{"line":409,"column":49},"end":{"line":411,"column":5}},"line":409},"36":{"name":"(anonymous_36)","decl":{"start":{"line":415,"column":34},"end":{"line":415,"column":35}},"loc":{"start":{"line":415,"column":46},"end":{"line":436,"column":3}},"line":415},"37":{"name":"(anonymous_37)","decl":{"start":{"line":416,"column":25},"end":{"line":416,"column":26}},"loc":{"start":{"line":416,"column":40},"end":{"line":428,"column":5}},"line":416},"38":{"name":"(anonymous_38)","decl":{"start":{"line":438,"column":12},"end":{"line":438,"column":13}},"loc":{"start":{"line":438,"column":18},"end":{"line":442,"column":3}},"line":438},"39":{"name":"(anonymous_39)","decl":{"start":{"line":441,"column":11},"end":{"line":441,"column":12}},"loc":{"start":{"line":441,"column":17},"end":{"line":441,"column":40}},"line":441},"40":{"name":"(anonymous_40)","decl":{"start":{"line":445,"column":12},"end":{"line":445,"column":13}},"loc":{"start":{"line":445,"column":18},"end":{"line":447,"column":3}},"line":445},"41":{"name":"(anonymous_41)","decl":{"start":{"line":449,"column":17},"end":{"line":449,"column":18}},"loc":{"start":{"line":449,"column":45},"end":{"line":452,"column":3}},"line":449},"42":{"name":"(anonymous_42)","decl":{"start":{"line":451,"column":12},"end":{"line":451,"column":13}},"loc":{"start":{"line":451,"column":22},"end":{"line":451,"column":91}},"line":451},"43":{"name":"(anonymous_43)","decl":{"start":{"line":454,"column":24},"end":{"line":454,"column":25}},"loc":{"start":{"line":454,"column":36},"end":{"line":536,"column":3}},"line":454},"44":{"name":"(anonymous_44)","decl":{"start":{"line":492,"column":17},"end":{"line":492,"column":18}},"loc":{"start":{"line":492,"column":28},"end":{"line":497,"column":7}},"line":492},"45":{"name":"(anonymous_45)","decl":{"start":{"line":500,"column":24},"end":{"line":500,"column":25}},"loc":{"start":{"line":500,"column":34},"end":{"line":503,"column":20}},"line":500},"46":{"name":"(anonymous_46)","decl":{"start":{"line":505,"column":24},"end":{"line":505,"column":25}},"loc":{"start":{"line":505,"column":34},"end":{"line":508,"column":20}},"line":505},"47":{"name":"(anonymous_47)","decl":{"start":{"line":519,"column":17},"end":{"line":519,"column":18}},"loc":{"start":{"line":519,"column":28},"end":{"line":523,"column":7}},"line":519},"48":{"name":"(anonymous_48)","decl":{"start":{"line":525,"column":24},"end":{"line":525,"column":25}},"loc":{"start":{"line":525,"column":34},"end":{"line":528,"column":20}},"line":525},"49":{"name":"(anonymous_49)","decl":{"start":{"line":567,"column":26},"end":{"line":567,"column":27}},"loc":{"start":{"line":568,"column":18},"end":{"line":584,"column":27}},"line":568},"50":{"name":"(anonymous_50)","decl":{"start":{"line":570,"column":29},"end":{"line":570,"column":30}},"loc":{"start":{"line":570,"column":35},"end":{"line":570,"column":55}},"line":570},"51":{"name":"(anonymous_51)","decl":{"start":{"line":614,"column":25},"end":{"line":614,"column":26}},"loc":{"start":{"line":614,"column":31},"end":{"line":614,"column":76}},"line":614},"52":{"name":"(anonymous_52)","decl":{"start":{"line":834,"column":18},"end":{"line":834,"column":19}},"loc":{"start":{"line":835,"column":14},"end":{"line":847,"column":21}},"line":835},"53":{"name":"(anonymous_53)","decl":{"start":{"line":948,"column":38},"end":{"line":948,"column":39}},"loc":{"start":{"line":949,"column":18},"end":{"line":949,"column":52}},"line":949},"54":{"name":"(anonymous_54)","decl":{"start":{"line":973,"column":47},"end":{"line":973,"column":48}},"loc":{"start":{"line":974,"column":16},"end":{"line":999,"column":22}},"line":974},"55":{"name":"(anonymous_55)","decl":{"start":{"line":1028,"column":18},"end":{"line":1028,"column":19}},"loc":{"start":{"line":1029,"column":14},"end":{"line":1052,"column":20}},"line":1029}},"branchMap":{"0":{"loc":{"start":{"line":5,"column":21},"end":{"line":5,"column":77}},"type":"binary-expr","locations":[{"start":{"line":5,"column":21},"end":{"line":5,"column":50}},{"start":{"line":5,"column":54},"end":{"line":5,"column":77}}],"line":5},"1":{"loc":{"start":{"line":6,"column":28},"end":{"line":6,"column":88}},"type":"binary-expr","locations":[{"start":{"line":6,"column":28},"end":{"line":6,"column":61}},{"start":{"line":6,"column":65},"end":{"line":6,"column":88}}],"line":6},"2":{"loc":{"start":{"line":122,"column":29},"end":{"line":122,"column":37}},"type":"default-arg","locations":[{"start":{"line":122,"column":36},"end":{"line":122,"column":37}}],"line":122},"3":{"loc":{"start":{"line":140,"column":25},"end":{"line":140,"column":57}},"type":"binary-expr","locations":[{"start":{"line":140,"column":25},"end":{"line":140,"column":39}},{"start":{"line":140,"column":43},"end":{"line":140,"column":57}}],"line":140},"4":{"loc":{"start":{"line":142,"column":19},"end":{"line":144,"column":18}},"type":"cond-expr","locations":[{"start":{"line":143,"column":12},"end":{"line":143,"column":45}},{"start":{"line":144,"column":12},"end":{"line":144,"column":18}}],"line":142},"5":{"loc":{"start":{"line":142,"column":19},"end":{"line":142,"column":82}},"type":"binary-expr","locations":[{"start":{"line":142,"column":19},"end":{"line":142,"column":39}},{"start":{"line":142,"column":43},"end":{"line":142,"column":58}},{"start":{"line":142,"column":62},"end":{"line":142,"column":82}}],"line":142},"6":{"loc":{"start":{"line":151,"column":27},"end":{"line":151,"column":50}},"type":"default-arg","locations":[{"start":{"line":151,"column":35},"end":{"line":151,"column":50}}],"line":151},"7":{"loc":{"start":{"line":151,"column":52},"end":{"line":151,"column":63}},"type":"default-arg","locations":[{"start":{"line":151,"column":61},"end":{"line":151,"column":63}}],"line":151},"8":{"loc":{"start":{"line":152,"column":2},"end":{"line":152,"column":46}},"type":"if","locations":[{"start":{"line":152,"column":2},"end":{"line":152,"column":46}},{"start":{},"end":{}}],"line":152},"9":{"loc":{"start":{"line":152,"column":6},"end":{"line":152,"column":32}},"type":"binary-expr","locations":[{"start":{"line":152,"column":6},"end":{"line":152,"column":11}},{"start":{"line":152,"column":15},"end":{"line":152,"column":32}}],"line":152},"10":{"loc":{"start":{"line":156,"column":16},"end":{"line":156,"column":30}},"type":"binary-expr","locations":[{"start":{"line":156,"column":16},"end":{"line":156,"column":25}},{"start":{"line":156,"column":29},"end":{"line":156,"column":30}}],"line":156},"11":{"loc":{"start":{"line":212,"column":7},"end":{"line":212,"column":81}},"type":"binary-expr","locations":[{"start":{"line":212,"column":7},"end":{"line":212,"column":11}},{"start":{"line":212,"column":15},"end":{"line":212,"column":81}}],"line":212},"12":{"loc":{"start":{"line":218,"column":7},"end":{"line":218,"column":101}},"type":"binary-expr","locations":[{"start":{"line":218,"column":7},"end":{"line":218,"column":13}},{"start":{"line":218,"column":17},"end":{"line":218,"column":101}}],"line":218},"13":{"loc":{"start":{"line":220,"column":5},"end":{"line":231,"column":5}},"type":"binary-expr","locations":[{"start":{"line":220,"column":5},"end":{"line":220,"column":25}},{"start":{"line":221,"column":6},"end":{"line":230,"column":12}}],"line":220},"14":{"loc":{"start":{"line":225,"column":17},"end":{"line":225,"column":64}},"type":"cond-expr","locations":[{"start":{"line":225,"column":31},"end":{"line":225,"column":47}},{"start":{"line":225,"column":50},"end":{"line":225,"column":64}}],"line":225},"15":{"loc":{"start":{"line":227,"column":11},"end":{"line":227,"column":33}},"type":"cond-expr","locations":[{"start":{"line":227,"column":25},"end":{"line":227,"column":28}},{"start":{"line":227,"column":31},"end":{"line":227,"column":33}}],"line":227},"16":{"loc":{"start":{"line":232,"column":5},"end":{"line":236,"column":5}},"type":"binary-expr","locations":[{"start":{"line":232,"column":5},"end":{"line":232,"column":10}},{"start":{"line":233,"column":6},"end":{"line":235,"column":12}}],"line":232},"17":{"loc":{"start":{"line":234,"column":39},"end":{"line":234,"column":90}},"type":"cond-expr","locations":[{"start":{"line":234,"column":56},"end":{"line":234,"column":72}},{"start":{"line":234,"column":75},"end":{"line":234,"column":90}}],"line":234},"18":{"loc":{"start":{"line":270,"column":11},"end":{"line":270,"column":27}},"type":"binary-expr","locations":[{"start":{"line":270,"column":11},"end":{"line":270,"column":15}},{"start":{"line":270,"column":19},"end":{"line":270,"column":27}}],"line":270},"19":{"loc":{"start":{"line":282,"column":106},"end":{"line":282,"column":226}},"type":"cond-expr","locations":[{"start":{"line":282,"column":148},"end":{"line":282,"column":164}},{"start":{"line":282,"column":167},"end":{"line":282,"column":226}}],"line":282},"20":{"loc":{"start":{"line":282,"column":106},"end":{"line":282,"column":145}},"type":"binary-expr","locations":[{"start":{"line":282,"column":106},"end":{"line":282,"column":126}},{"start":{"line":282,"column":130},"end":{"line":282,"column":145}}],"line":282},"21":{"loc":{"start":{"line":282,"column":167},"end":{"line":282,"column":226}},"type":"cond-expr","locations":[{"start":{"line":282,"column":190},"end":{"line":282,"column":204}},{"start":{"line":282,"column":207},"end":{"line":282,"column":226}}],"line":282},"22":{"loc":{"start":{"line":286,"column":105},"end":{"line":286,"column":121}},"type":"binary-expr","locations":[{"start":{"line":286,"column":105},"end":{"line":286,"column":112}},{"start":{"line":286,"column":116},"end":{"line":286,"column":121}}],"line":286},"23":{"loc":{"start":{"line":297,"column":66},"end":{"line":297,"column":75}},"type":"default-arg","locations":[{"start":{"line":297,"column":74},"end":{"line":297,"column":75}}],"line":297},"24":{"loc":{"start":{"line":319,"column":19},"end":{"line":319,"column":60}},"type":"cond-expr","locations":[{"start":{"line":319,"column":30},"end":{"line":319,"column":51}},{"start":{"line":319,"column":54},"end":{"line":319,"column":60}}],"line":319},"25":{"loc":{"start":{"line":322,"column":7},"end":{"line":322,"column":94}},"type":"cond-expr","locations":[{"start":{"line":322,"column":14},"end":{"line":322,"column":22}},{"start":{"line":322,"column":25},"end":{"line":322,"column":94}}],"line":322},"26":{"loc":{"start":{"line":347,"column":16},"end":{"line":347,"column":71}},"type":"cond-expr","locations":[{"start":{"line":347,"column":27},"end":{"line":347,"column":47}},{"start":{"line":347,"column":50},"end":{"line":347,"column":71}}],"line":347},"27":{"loc":{"start":{"line":349,"column":25},"end":{"line":349,"column":50}},"type":"cond-expr","locations":[{"start":{"line":349,"column":36},"end":{"line":349,"column":41}},{"start":{"line":349,"column":44},"end":{"line":349,"column":50}}],"line":349},"28":{"loc":{"start":{"line":350,"column":15},"end":{"line":350,"column":75}},"type":"cond-expr","locations":[{"start":{"line":350,"column":26},"end":{"line":350,"column":70}},{"start":{"line":350,"column":73},"end":{"line":350,"column":75}}],"line":350},"29":{"loc":{"start":{"line":354,"column":14},"end":{"line":354,"column":64}},"type":"cond-expr","locations":[{"start":{"line":354,"column":25},"end":{"line":354,"column":40}},{"start":{"line":354,"column":43},"end":{"line":354,"column":64}}],"line":354},"30":{"loc":{"start":{"line":382,"column":28},"end":{"line":382,"column":55}},"type":"binary-expr","locations":[{"start":{"line":382,"column":28},"end":{"line":382,"column":40}},{"start":{"line":382,"column":44},"end":{"line":382,"column":55}}],"line":382},"31":{"loc":{"start":{"line":410,"column":52},"end":{"line":410,"column":83}},"type":"binary-expr","locations":[{"start":{"line":410,"column":52},"end":{"line":410,"column":78}},{"start":{"line":410,"column":82},"end":{"line":410,"column":83}}],"line":410},"32":{"loc":{"start":{"line":422,"column":18},"end":{"line":422,"column":50}},"type":"cond-expr","locations":[{"start":{"line":422,"column":27},"end":{"line":422,"column":36}},{"start":{"line":422,"column":39},"end":{"line":422,"column":50}}],"line":422},"33":{"loc":{"start":{"line":449,"column":27},"end":{"line":449,"column":40}},"type":"default-arg","locations":[{"start":{"line":449,"column":34},"end":{"line":449,"column":40}}],"line":449},"34":{"loc":{"start":{"line":475,"column":6},"end":{"line":475,"column":57}},"type":"if","locations":[{"start":{"line":475,"column":6},"end":{"line":475,"column":57}},{"start":{},"end":{}}],"line":475},"35":{"loc":{"start":{"line":480,"column":17},"end":{"line":480,"column":82}},"type":"binary-expr","locations":[{"start":{"line":480,"column":17},"end":{"line":480,"column":32}},{"start":{"line":480,"column":36},"end":{"line":480,"column":82}}],"line":480},"36":{"loc":{"start":{"line":481,"column":17},"end":{"line":481,"column":40}},"type":"binary-expr","locations":[{"start":{"line":481,"column":17},"end":{"line":481,"column":31}},{"start":{"line":481,"column":35},"end":{"line":481,"column":40}}],"line":481},"37":{"loc":{"start":{"line":482,"column":18},"end":{"line":482,"column":38}},"type":"binary-expr","locations":[{"start":{"line":482,"column":18},"end":{"line":482,"column":33}},{"start":{"line":482,"column":37},"end":{"line":482,"column":38}}],"line":482},"38":{"loc":{"start":{"line":483,"column":20},"end":{"line":483,"column":43}},"type":"binary-expr","locations":[{"start":{"line":483,"column":20},"end":{"line":483,"column":38}},{"start":{"line":483,"column":42},"end":{"line":483,"column":43}}],"line":483},"39":{"loc":{"start":{"line":511,"column":35},"end":{"line":511,"column":62}},"type":"binary-expr","locations":[{"start":{"line":511,"column":35},"end":{"line":511,"column":49}},{"start":{"line":511,"column":53},"end":{"line":511,"column":62}}],"line":511},"40":{"loc":{"start":{"line":513,"column":24},"end":{"line":513,"column":47}},"type":"binary-expr","locations":[{"start":{"line":513,"column":24},"end":{"line":513,"column":42}},{"start":{"line":513,"column":46},"end":{"line":513,"column":47}}],"line":513},"41":{"loc":{"start":{"line":513,"column":63},"end":{"line":513,"column":83}},"type":"binary-expr","locations":[{"start":{"line":513,"column":63},"end":{"line":513,"column":78}},{"start":{"line":513,"column":82},"end":{"line":513,"column":83}}],"line":513},"42":{"loc":{"start":{"line":575,"column":34},"end":{"line":575,"column":101}},"type":"cond-expr","locations":[{"start":{"line":575,"column":57},"end":{"line":575,"column":85}},{"start":{"line":575,"column":88},"end":{"line":575,"column":101}}],"line":575},"43":{"loc":{"start":{"line":576,"column":29},"end":{"line":576,"column":103}},"type":"cond-expr","locations":[{"start":{"line":576,"column":52},"end":{"line":576,"column":71}},{"start":{"line":576,"column":74},"end":{"line":576,"column":103}}],"line":576},"44":{"loc":{"start":{"line":614,"column":40},"end":{"line":614,"column":75}},"type":"cond-expr","locations":[{"start":{"line":614,"column":59},"end":{"line":614,"column":66}},{"start":{"line":614,"column":69},"end":{"line":614,"column":75}}],"line":614},"45":{"loc":{"start":{"line":627,"column":17},"end":{"line":627,"column":66}},"type":"cond-expr","locations":[{"start":{"line":627,"column":36},"end":{"line":627,"column":49}},{"start":{"line":627,"column":52},"end":{"line":627,"column":66}}],"line":627},"46":{"loc":{"start":{"line":634,"column":20},"end":{"line":637,"column":48}},"type":"cond-expr","locations":[{"start":{"line":634,"column":43},"end":{"line":634,"column":65}},{"start":{"line":635,"column":20},"end":{"line":637,"column":48}}],"line":634},"47":{"loc":{"start":{"line":635,"column":20},"end":{"line":637,"column":48}},"type":"cond-expr","locations":[{"start":{"line":635,"column":41},"end":{"line":635,"column":61}},{"start":{"line":636,"column":20},"end":{"line":637,"column":48}}],"line":635},"48":{"loc":{"start":{"line":636,"column":20},"end":{"line":637,"column":48}},"type":"cond-expr","locations":[{"start":{"line":636,"column":43},"end":{"line":636,"column":65}},{"start":{"line":637,"column":20},"end":{"line":637,"column":48}}],"line":636},"49":{"loc":{"start":{"line":639,"column":20},"end":{"line":642,"column":49}},"type":"cond-expr","locations":[{"start":{"line":639,"column":43},"end":{"line":639,"column":59}},{"start":{"line":640,"column":20},"end":{"line":642,"column":49}}],"line":639},"50":{"loc":{"start":{"line":640,"column":20},"end":{"line":642,"column":49}},"type":"cond-expr","locations":[{"start":{"line":640,"column":41},"end":{"line":640,"column":55}},{"start":{"line":641,"column":20},"end":{"line":642,"column":49}}],"line":640},"51":{"loc":{"start":{"line":641,"column":20},"end":{"line":642,"column":49}},"type":"cond-expr","locations":[{"start":{"line":641,"column":43},"end":{"line":641,"column":59}},{"start":{"line":642,"column":20},"end":{"line":642,"column":49}}],"line":641},"52":{"loc":{"start":{"line":650,"column":35},"end":{"line":650,"column":73}},"type":"cond-expr","locations":[{"start":{"line":650,"column":55},"end":{"line":650,"column":64}},{"start":{"line":650,"column":67},"end":{"line":650,"column":73}}],"line":650},"53":{"loc":{"start":{"line":651,"column":17},"end":{"line":651,"column":127}},"type":"cond-expr","locations":[{"start":{"line":651,"column":37},"end":{"line":651,"column":44}},{"start":{"line":651,"column":47},"end":{"line":651,"column":127}}],"line":651},"54":{"loc":{"start":{"line":651,"column":47},"end":{"line":651,"column":127}},"type":"cond-expr","locations":[{"start":{"line":651,"column":70},"end":{"line":651,"column":82}},{"start":{"line":651,"column":85},"end":{"line":651,"column":127}}],"line":651},"55":{"loc":{"start":{"line":651,"column":85},"end":{"line":651,"column":127}},"type":"cond-expr","locations":[{"start":{"line":651,"column":108},"end":{"line":651,"column":117}},{"start":{"line":651,"column":120},"end":{"line":651,"column":127}}],"line":651},"56":{"loc":{"start":{"line":698,"column":28},"end":{"line":698,"column":88}},"type":"cond-expr","locations":[{"start":{"line":698,"column":38},"end":{"line":698,"column":66}},{"start":{"line":698,"column":69},"end":{"line":698,"column":88}}],"line":698},"57":{"loc":{"start":{"line":699,"column":23},"end":{"line":699,"column":80}},"type":"cond-expr","locations":[{"start":{"line":699,"column":33},"end":{"line":699,"column":58}},{"start":{"line":699,"column":61},"end":{"line":699,"column":80}}],"line":699},"58":{"loc":{"start":{"line":700,"column":24},"end":{"line":700,"column":59}},"type":"cond-expr","locations":[{"start":{"line":700,"column":34},"end":{"line":700,"column":47}},{"start":{"line":700,"column":50},"end":{"line":700,"column":59}}],"line":700},"59":{"loc":{"start":{"line":709,"column":15},"end":{"line":720,"column":15}},"type":"cond-expr","locations":[{"start":{"line":710,"column":16},"end":{"line":717,"column":21}},{"start":{"line":719,"column":16},"end":{"line":719,"column":30}}],"line":709},"60":{"loc":{"start":{"line":721,"column":15},"end":{"line":721,"column":59}},"type":"cond-expr","locations":[{"start":{"line":721,"column":25},"end":{"line":721,"column":40}},{"start":{"line":721,"column":43},"end":{"line":721,"column":59}}],"line":721},"61":{"loc":{"start":{"line":732,"column":20},"end":{"line":732,"column":62}},"type":"cond-expr","locations":[{"start":{"line":732,"column":48},"end":{"line":732,"column":50}},{"start":{"line":732,"column":53},"end":{"line":732,"column":62}}],"line":732},"62":{"loc":{"start":{"line":741,"column":20},"end":{"line":741,"column":56}},"type":"cond-expr","locations":[{"start":{"line":741,"column":50},"end":{"line":741,"column":51}},{"start":{"line":741,"column":54},"end":{"line":741,"column":56}}],"line":741},"63":{"loc":{"start":{"line":863,"column":15},"end":{"line":874,"column":15}},"type":"binary-expr","locations":[{"start":{"line":863,"column":15},"end":{"line":863,"column":24}},{"start":{"line":864,"column":16},"end":{"line":873,"column":23}}],"line":863},"64":{"loc":{"start":{"line":868,"column":35},"end":{"line":868,"column":113}},"type":"cond-expr","locations":[{"start":{"line":868,"column":68},"end":{"line":868,"column":90}},{"start":{"line":868,"column":93},"end":{"line":868,"column":113}}],"line":868},"65":{"loc":{"start":{"line":869,"column":25},"end":{"line":869,"column":91}},"type":"cond-expr","locations":[{"start":{"line":869,"column":58},"end":{"line":869,"column":74}},{"start":{"line":869,"column":77},"end":{"line":869,"column":91}}],"line":869},"66":{"loc":{"start":{"line":876,"column":13},"end":{"line":922,"column":13}},"type":"cond-expr","locations":[{"start":{"line":877,"column":14},"end":{"line":888,"column":20}},{"start":{"line":889,"column":16},"end":{"line":922,"column":13}}],"line":876},"67":{"loc":{"start":{"line":889,"column":16},"end":{"line":922,"column":13}},"type":"cond-expr","locations":[{"start":{"line":890,"column":14},"end":{"line":902,"column":20}},{"start":{"line":904,"column":14},"end":{"line":921,"column":20}}],"line":889},"68":{"loc":{"start":{"line":934,"column":15},"end":{"line":938,"column":15}},"type":"binary-expr","locations":[{"start":{"line":934,"column":15},"end":{"line":934,"column":30}},{"start":{"line":935,"column":16},"end":{"line":937,"column":23}}],"line":934},"69":{"loc":{"start":{"line":945,"column":23},"end":{"line":945,"column":43}},"type":"cond-expr","locations":[{"start":{"line":945,"column":37},"end":{"line":945,"column":39}},{"start":{"line":945,"column":42},"end":{"line":945,"column":43}}],"line":945},"70":{"loc":{"start":{"line":947,"column":15},"end":{"line":957,"column":15}},"type":"cond-expr","locations":[{"start":{"line":948,"column":16},"end":{"line":950,"column":18}},{"start":{"line":952,"column":16},"end":{"line":956,"column":22}}],"line":947},"71":{"loc":{"start":{"line":963,"column":9},"end":{"line":1003,"column":9}},"type":"binary-expr","locations":[{"start":{"line":963,"column":9},"end":{"line":963,"column":34}},{"start":{"line":964,"column":10},"end":{"line":1002,"column":16}}],"line":963},"72":{"loc":{"start":{"line":981,"column":41},"end":{"line":981,"column":101}},"type":"cond-expr","locations":[{"start":{"line":981,"column":68},"end":{"line":981,"column":84}},{"start":{"line":981,"column":87},"end":{"line":981,"column":101}}],"line":981},"73":{"loc":{"start":{"line":991,"column":27},"end":{"line":991,"column":87}},"type":"cond-expr","locations":[{"start":{"line":991,"column":54},"end":{"line":991,"column":70}},{"start":{"line":991,"column":73},"end":{"line":991,"column":87}}],"line":991}},"s":{"0":1,"1":1,"2":1,"3":45,"4":0,"5":45,"6":0,"7":43,"8":45,"9":45,"10":0,"11":45,"12":45,"13":45,"14":45,"15":270,"16":0,"17":0,"18":0,"19":43,"20":45,"21":90,"22":1,"23":135,"24":135,"25":1,"26":45,"27":0,"28":45,"29":540,"30":45,"31":540,"32":45,"33":45,"34":540,"35":540,"36":540,"37":45,"38":45,"39":1,"40":180,"41":0,"42":0,"43":0,"44":0,"45":1,"46":90,"47":0,"48":0,"49":1,"50":270,"51":1,"52":225,"53":1,"54":8,"55":8,"56":46,"57":45,"58":45,"59":45,"60":45,"61":45,"62":45,"63":45,"64":45,"65":45,"66":45,"67":21,"68":252,"69":45,"70":21,"71":42,"72":42,"73":42,"74":42,"75":42,"76":0,"77":21,"78":21,"79":45,"80":21,"81":21,"82":21,"83":21,"84":45,"85":21,"86":45,"87":10,"88":10,"89":6,"90":45,"91":2,"92":2,"93":2,"94":2,"95":2,"96":2,"97":2,"98":2,"99":1,"100":1,"101":0,"102":1,"103":1,"104":1,"105":1,"106":0,"107":1,"108":0,"109":1,"110":0,"111":1,"112":1,"113":1,"114":1,"115":1,"116":1,"117":1,"118":1,"119":1,"120":1,"121":1,"122":1,"123":1,"124":2,"125":45,"126":45,"127":135,"128":0,"129":0,"130":225,"131":8,"132":1,"133":270},"f":{"0":45,"1":0,"2":45,"3":0,"4":43,"5":45,"6":45,"7":0,"8":45,"9":45,"10":45,"11":45,"12":270,"13":0,"14":0,"15":0,"16":43,"17":45,"18":90,"19":135,"20":45,"21":540,"22":540,"23":540,"24":180,"25":0,"26":0,"27":90,"28":0,"29":0,"30":270,"31":225,"32":8,"33":46,"34":21,"35":252,"36":21,"37":42,"38":21,"39":21,"40":21,"41":10,"42":6,"43":2,"44":0,"45":0,"46":0,"47":1,"48":1,"49":135,"50":0,"51":0,"52":225,"53":8,"54":1,"55":270},"b":{"0":[1,1],"1":[1,1],"2":[0],"3":[135,0],"4":[50,85],"5":[135,87,87],"6":[0],"7":[45],"8":[0,45],"9":[45,45],"10":[45,0],"11":[180,180],"12":[180,135],"13":[180,46],"14":[45,1],"15":[45,1],"16":[180,45],"17":[45,0],"18":[90,90],"19":[48,42],"20":[90,42],"21":[0,42],"22":[90,42],"23":[0],"24":[12,258],"25":[0,270],"26":[10,215],"27":[10,215],"28":[10,215],"29":[10,215],"30":[8,0],"31":[252,252],"32":[42,0],"33":[0],"34":[0,1],"35":[1,0],"36":[1,0],"37":[1,0],"38":[1,0],"39":[1,0],"40":[1,0],"41":[1,0],"42":[45,90],"43":[45,90],"44":[0,0],"45":[45,0],"46":[0,45],"47":[1,44],"48":[2,42],"49":[0,45],"50":[1,44],"51":[2,42],"52":[42,3],"53":[42,3],"54":[2,1],"55":[0,1],"56":[2,43],"57":[2,43],"58":[2,43],"59":[2,43],"60":[2,43],"61":[1,44],"62":[44,1],"63":[45,0],"64":[0,0],"65":[0,0],"66":[2,43],"67":[0,43],"68":[45,3],"69":[3,42],"70":[3,42],"71":[45,1],"72":[0,1],"73":[0,1]},"_coverageSchema":"1a1c01bbd47fc00a2c39e90264f33305004495a9","hash":"95892d9586ca203577d370f0abda077fabf3e4fc"}
,"/vercel/share/v0-project/frontend/src/api.js": {"path":"/vercel/share/v0-project/frontend/src/api.js","statementMap":{"0":{"start":{"line":8,"column":25},"end":{"line":15,"column":1}},"1":{"start":{"line":9,"column":2},"end":{"line":14,"column":3}},"2":{"start":{"line":10,"column":21},"end":{"line":10,"column":41}},"3":{"start":{"line":11,"column":4},"end":{"line":11,"column":25}},"4":{"start":{"line":13,"column":4},"end":{"line":13,"column":43}},"5":{"start":{"line":23,"column":34},"end":{"line":31,"column":1}},"6":{"start":{"line":24,"column":2},"end":{"line":30,"column":3}},"7":{"start":{"line":24,"column":15},"end":{"line":24,"column":16}},"8":{"start":{"line":25,"column":4},"end":{"line":29,"column":5}},"9":{"start":{"line":26,"column":6},"end":{"line":26,"column":34}},"10":{"start":{"line":28,"column":6},"end":{"line":28,"column":41}},"11":{"start":{"line":28,"column":29},"end":{"line":28,"column":41}}},"fnMap":{"0":{"name":"(anonymous_0)","decl":{"start":{"line":8,"column":25},"end":{"line":8,"column":26}},"loc":{"start":{"line":8,"column":40},"end":{"line":15,"column":1}},"line":8},"1":{"name":"(anonymous_1)","decl":{"start":{"line":23,"column":34},"end":{"line":23,"column":35}},"loc":{"start":{"line":23,"column":62},"end":{"line":31,"column":1}},"line":23}},"branchMap":{"0":{"loc":{"start":{"line":23,"column":46},"end":{"line":23,"column":57}},"type":"default-arg","locations":[{"start":{"line":23,"column":56},"end":{"line":23,"column":57}}],"line":23},"1":{"loc":{"start":{"line":28,"column":6},"end":{"line":28,"column":41}},"type":"if","locations":[{"start":{"line":28,"column":6},"end":{"line":28,"column":41}},{"start":{},"end":{}}],"line":28}},"s":{"0":2,"1":10,"2":10,"3":3,"4":7,"5":2,"6":4,"7":4,"8":8,"9":8,"10":6,"11":2},"f":{"0":10,"1":4},"b":{"0":[1],"1":[2,4]},"_coverageSchema":"1a1c01bbd47fc00a2c39e90264f33305004495a9","hash":"a936a38a26e57e5f1143d1757e20e27d2c10e985"}
,"/vercel/share/v0-project/frontend/src/index.js": {"path":"/vercel/share/v0-project/frontend/src/index.js","statementMap":{"0":{"start":{"line":6,"column":13},"end":{"line":6,"column":65}},"1":{"start":{"line":7,"column":0},"end":{"line":11,"column":2}}},"fnMap":{},"branchMap":{},"s":{"0":0,"1":0},"f":{},"b":{}}
}
