TN:
SF:src/App.js
FN:10,(anonymous_0)
FN:15,(anonymous_1)
FN:20,(anonymous_2)
FN:26,(anonymous_3)
FN:31,(anonymous_4)
FN:36,(anonymous_5)
FN:42,(anonymous_6)
FN:47,(anonymous_7)
FN:55,(anonymous_8)
FN:62,(anonymous_9)
FN:69,(anonymous_10)
FN:74,(anonymous_11)
FN:79,(anonymous_12)
FN:84,(anonymous_13)
FN:90,(anonymous_14)
FN:95,(anonymous_15)
FN:101,(anonymous_16)
FN:107,(anonymous_17)
FN:112,(anonymous_18)
FN:122,(anonymous_19)
FN:151,(anonymous_20)
FN:154,(anonymous_21)
FN:155,(anonymous_22)
FN:158,(anonymous_23)
FN:190,(anonymous_24)
FN:201,(anonymous_25)
FN:205,(anonymous_26)
FN:241,(anonymous_27)
FN:251,(anonymous_28)
FN:254,(anonymous_29)
FN:297,(anonymous_30)
FN:332,(anonymous_31)
FN:361,(anonymous_32)
FN:387,App
FN:408,(anonymous_34)
FN:409,(anonymous_35)
FN:415,(anonymous_36)
FN:416,(anonymous_37)
FN:438,(anonymous_38)
FN:441,(anonymous_39)
FN:445,(anonymous_40)
FN:449,(anonymous_41)
FN:451,(anonymous_42)
FN:454,(anonymous_43)
FN:492,(anonymous_44)
FN:500,(anonymous_45)
FN:505,(anonymous_46)
FN:519,(anonymous_47)
FN:525,(anonymous_48)
FN:567,(anonymous_49)
FN:570,(anonymous_50)
FN:614,(anonymous_51)
FN:834,(anonymous_52)
FN:948,(anonymous_53)
FN:973,(anonymous_54)
FN:1028,(anonymous_55)
FNF:56
FNH:41
FNDA:45,(anonymous_0)
FNDA:0,(anonymous_1)
FNDA:45,(anonymous_2)
FNDA:0,(anonymous_3)
FNDA:43,(anonymous_4)
FNDA:45,(anonymous_5)
FNDA:45,(anonymous_6)
FNDA:0,(anonymous_7)
FNDA:45,(anonymous_8)
FNDA:45,(anonymous_9)
FNDA:45,(anonymous_10)
FNDA:45,(anonymous_11)
FNDA:270,(anonymous_12)
FNDA:0,(anonymous_13)
FNDA:0,(anonymous_14)
FNDA:0,(anonymous_15)
FNDA:43,(anonymous_16)
FNDA:45,(anonymous_17)
FNDA:90,(anonymous_18)
FNDA:135,(anonymous_19)
FNDA:45,(anonymous_20)
FNDA:540,(anonymous_21)
FNDA:540,(anonymous_22)
FNDA:540,(anonymous_23)
FNDA:180,(anonymous_24)
FNDA:0,(anonymous_25)
FNDA:0,(anonymous_26)
FNDA:90,(anonymous_27)
FNDA:0,(anonymous_28)
FNDA:0,(anonymous_29)
FNDA:270,(anonymous_30)
FNDA:225,(anonymous_31)
FNDA:8,(anonymous_32)
FNDA:46,App
FNDA:21,(anonymous_34)
FNDA:252,(anonymous_35)
FNDA:21,(anonymous_36)
FNDA:42,(anonymous_37)
FNDA:21,(anonymous_38)
FNDA:21,(anonymous_39)
FNDA:21,(anonymous_40)
FNDA:10,(anonymous_41)
FNDA:6,(anonymous_42)
FNDA:2,(anonymous_43)
FNDA:0,(anonymous_44)
FNDA:0,(anonymous_45)
FNDA:0,(anonymous_46)
FNDA:1,(anonymous_47)
FNDA:1,(anonymous_48)
FNDA:135,(anonymous_49)
FNDA:0,(anonymous_50)
FNDA:0,(anonymous_51)
FNDA:225,(anonymous_52)
FNDA:8,(anonymous_53)
FNDA:1,(anonymous_54)
FNDA:270,(anonymous_55)
DA:5,1
DA:6,1
DA:9,1
DA:11,45
DA:16,0
DA:21,45
DA:27,0
DA:32,43
DA:37,45
DA:43,45
DA:48,0
DA:56,45
DA:63,45
DA:70,45
DA:75,45
DA:80,270
DA:85,0
DA:91,0
DA:96,0
DA:102,43
DA:108,45
DA:113,90
DA:122,1
DA:123,135
DA:134,135
DA:151,1
DA:152,45
DA:154,540
DA:155,540
DA:156,45
DA:158,45
DA:159,540
DA:160,540
DA:161,540
DA:164,45
DA:166,45
DA:190,1
DA:191,180
DA:202,0
DA:203,0
DA:206,0
DA:207,0
DA:241,1
DA:242,90
DA:252,0
DA:255,0
DA:297,1
DA:298,270
DA:332,1
DA:333,225
DA:361,1
DA:362,8
DA:369,8
DA:388,46
DA:389,45
DA:390,45
DA:391,45
DA:392,45
DA:393,45
DA:394,45
DA:398,45
DA:404,45
DA:405,45
DA:408,45
DA:409,252
DA:415,45
DA:416,21
DA:417,42
DA:418,42
DA:419,42
DA:420,42
DA:421,42
DA:426,0
DA:430,21
DA:435,21
DA:438,45
DA:439,21
DA:440,21
DA:441,21
DA:445,45
DA:446,21
DA:449,45
DA:450,10
DA:451,10
DA:454,45
DA:455,2
DA:456,2
DA:457,2
DA:459,2
DA:460,2
DA:461,2
DA:463,2
DA:464,2
DA:473,1
DA:475,1
DA:477,1
DA:479,1
DA:489,1
DA:492,1
DA:500,1
DA:505,1
DA:510,1
DA:511,1
DA:512,1
DA:513,1
DA:515,1
DA:517,1
DA:519,1
DA:525,1
DA:530,1
DA:531,1
DA:532,1
DA:535,2
DA:538,45
DA:544,45
DA:568,135
DA:570,0
DA:614,0
DA:835,225
DA:949,8
DA:974,1
DA:1029,270
LF:122
LH:107
BRDA:5,0,0,1
BRDA:5,0,1,1
BRDA:6,1,0,1
BRDA:6,1,1,1
BRDA:122,2,0,0
BRDA:140,3,0,135
BRDA:140,3,1,0
BRDA:142,4,0,50
BRDA:142,4,1,85
BRDA:142,5,0,135
BRDA:142,5,1,87
BRDA:142,5,2,87
BRDA:151,6,0,0
BRDA:151,7,0,45
BRDA:152,8,0,0
BRDA:152,8,1,45
BRDA:152,9,0,45
BRDA:152,9,1,45
BRDA:156,10,0,45
BRDA:156,10,1,0
BRDA:212,11,0,180
BRDA:212,11,1,180
BRDA:218,12,0,180
BRDA:218,12,1,135
BRDA:220,13,0,180
BRDA:220,13,1,46
BRDA:225,14,0,45
BRDA:225,14,1,1
BRDA:227,15,0,45
BRDA:227,15,1,1
BRDA:232,16,0,180
BRDA:232,16,1,45
BRDA:234,17,0,45
BRDA:234,17,1,0
BRDA:270,18,0,90
BRDA:270,18,1,90
BRDA:282,19,0,48
BRDA:282,19,1,42
BRDA:282,20,0,90
BRDA:282,20,1,42
BRDA:282,21,0,0
BRDA:282,21,1,42
BRDA:286,22,0,90
BRDA:286,22,1,42
BRDA:297,23,0,0
BRDA:319,24,0,12
BRDA:319,24,1,258
BRDA:322,25,0,0
BRDA:322,25,1,270
BRDA:347,26,0,10
BRDA:347,26,1,215
BRDA:349,27,0,10
BRDA:349,27,1,215
BRDA:350,28,0,10
BRDA:350,28,1,215
BRDA:354,29,0,10
BRDA:354,29,1,215
BRDA:382,30,0,8
BRDA:382,30,1,0
BRDA:410,31,0,252
BRDA:410,31,1,252
BRDA:422,32,0,42
BRDA:422,32,1,0
BRDA:449,33,0,0
BRDA:475,34,0,0
BRDA:475,34,1,1
BRDA:480,35,0,1
BRDA:480,35,1,0
BRDA:481,36,0,1
BRDA:481,36,1,0
BRDA:482,37,0,1
BRDA:482,37,1,0
BRDA:483,38,0,1
BRDA:483,38,1,0
BRDA:511,39,0,1
BRDA:511,39,1,0
BRDA:513,40,0,1
BRDA:513,40,1,0
BRDA:513,41,0,1
BRDA:513,41,1,0
BRDA:575,42,0,45
BRDA:575,42,1,90
BRDA:576,43,0,45
BRDA:576,43,1,90
BRDA:614,44,0,0
BRDA:614,44,1,0
BRDA:627,45,0,45
BRDA:627,45,1,0
BRDA:634,46,0,0
BRDA:634,46,1,45
BRDA:635,47,0,1
BRDA:635,47,1,44
BRDA:636,48,0,2
BRDA:636,48,1,42
BRDA:639,49,0,0
BRDA:639,49,1,45
BRDA:640,50,0,1
BRDA:640,50,1,44
BRDA:641,51,0,2
BRDA:641,51,1,42
BRDA:650,52,0,42
BRDA:650,52,1,3
BRDA:651,53,0,42
BRDA:651,53,1,3
BRDA:651,54,0,2
BRDA:651,54,1,1
BRDA:651,55,0,0
BRDA:651,55,1,1
BRDA:698,56,0,2
BRDA:698,56,1,43
BRDA:699,57,0,2
BRDA:699,57,1,43
BRDA:700,58,0,2
BRDA:700,58,1,43
BRDA:709,59,0,2
BRDA:709,59,1,43
BRDA:721,60,0,2
BRDA:721,60,1,43
BRDA:732,61,0,1
BRDA:732,61,1,44
BRDA:741,62,0,44
BRDA:741,62,1,1
BRDA:863,63,0,45
BRDA:863,63,1,0
BRDA:868,64,0,0
BRDA:868,64,1,0
BRDA:869,65,0,0
BRDA:869,65,1,0
BRDA:876,66,0,2
BRDA:876,66,1,43
BRDA:889,67,0,0
BRDA:889,67,1,43
BRDA:934,68,0,45
BRDA:934,68,1,3
BRDA:945,69,0,3
BRDA:945,69,1,42
BRDA:947,70,0,3
BRDA:947,70,1,42
BRDA:963,71,0,45
BRDA:963,71,1,1
BRDA:981,72,0,0
BRDA:981,72,1,1
BRDA:991,73,0,0
BRDA:991,73,1,1
BRF:144
BRH:110
end_of_record
TN:
SF:src/api.js
FN:8,(anonymous_0)
FN:23,(anonymous_1)
FNF:2
FNH:2
FNDA:10,(anonymous_0)
FNDA:4,(anonymous_1)
DA:8,2
DA:9,10
DA:10,10
DA:11,3
DA:13,7
DA:23,2
DA:24,4
DA:25,8
DA:26,8
DA:28,6
LF:10
LH:10
BRDA:23,0,0,1
BRDA:28,1,0,2
BRDA:28,1,1,4
BRF:3
BRH:3
end_of_record
TN:
SF:src/index.js
FNF:0
FNH:0
DA:6,0
DA:7,0
LF:2
LH:0
BRF:0
BRH:0
end_of_record
